<?xml version="1.0" encoding="UTF-8"?>
<!-- Generated by org.testng.reporters.JUnitReportReporter -->
<testsuite hostname="SONY" name="Demo" tests="1" failures="0" timestamp="13 Dec 2021 07:45:04 GMT" time="0.031" errors="0">
  <testcase name="demo" time="0.031" classname="Demo"/>
</testsuite> <!-- Demo -->
