<?xml version="1.0" encoding="UTF-8"?>
<!-- Generated by org.testng.reporters.JUnitReportReporter -->
<testsuite hostname="SONY" name="PracticeTest" tests="1" failures="0" timestamp="10 Dec 2021 13:14:55 GMT" time="0.047" errors="0">
  <testcase name="practiceTest" time="0.047" classname="PracticeTest"/>
</testsuite> <!-- PracticeTest -->
