<?xml version="1.0" encoding="UTF-8"?>
<!-- Generated by org.testng.reporters.JUnitReportReporter -->
<testsuite hostname="SONY" name="CheckTest" tests="1" failures="0" timestamp="13 Dec 2021 07:35:47 GMT" time="0.125" errors="0">
  <testcase name="practiceTest" time="0.125" classname="CheckTest"/>
</testsuite> <!-- CheckTest -->
