<?xml version="1.0" encoding="UTF-8"?>
<!-- Generated by org.testng.reporters.JUnitReportReporter -->
<testsuite hostname="SONY" name="DemoTest" tests="1" failures="0" timestamp="13 Dec 2021 09:59:03 GMT" time="0.047" errors="0">
  <testcase name="demo" time="0.047" classname="DemoTest"/>
</testsuite> <!-- DemoTest -->
